2021-12-09 12:29:06.504 EET [11324] LOG:  starting PostgreSQL 14.1, compiled by Visual C++ build 1914, 64-bit
2021-12-09 12:29:06.505 EET [11324] LOG:  listening on IPv6 address "::", port 5432
2021-12-09 12:29:06.505 EET [11324] LOG:  listening on IPv4 address "0.0.0.0", port 5432
2021-12-09 12:29:06.541 EET [1664] LOG:  database system was shut down at 2021-12-09 12:28:58 EET
2021-12-09 12:29:06.575 EET [11324] LOG:  database system is ready to accept connections
2021-12-09 12:52:45.678 EET [7340] ERROR:  cannot insert a non-DEFAULT value into column "id"
2021-12-09 12:52:45.678 EET [7340] DETAIL:  Column "id" is an identity column defined as GENERATED ALWAYS.
2021-12-09 12:52:45.678 EET [7340] HINT:  Use OVERRIDING SYSTEM VALUE to override.
2021-12-09 12:52:45.678 EET [7340] STATEMENT:  INSERT INTO public.posts(
		id, caption, username, postcontent, likes, "timestamp")
		VALUES (1, 'First caption.', 'user1', 'https://icatcare.org/app/uploads/2018/07/Helping-your-new-cat-or-kitten-settle-in-1.png', 0, '2021-09-25 04:20:00');
2021-12-09 12:59:28.393 EET [7340] ERROR:  syntax error at or near "," at character 130
2021-12-09 12:59:28.393 EET [7340] STATEMENT:  INSERT INTO public.posts(
		id, caption, username, postcontent, likes, "timestamp")
		VALUES (DEFAULT, 'no selfie :((', 'shyguy', ?, 0, '2021-11-09 00:00:07');
2021-12-09 12:59:46.240 EET [7340] ERROR:  column "none" does not exist at character 129
2021-12-09 12:59:46.240 EET [7340] STATEMENT:  INSERT INTO public.posts(
		id, caption, username, postcontent, likes, "timestamp")
		VALUES (DEFAULT, 'no selfie :((', 'shyguy', NONE, 0, '2021-11-09 00:00:07');
2021-12-09 13:15:12.897 EET [16800] LOG:  could not receive data from client: An existing connection was forcibly closed by the remote host.
	
2021-12-09 13:15:12.897 EET [20028] LOG:  could not receive data from client: An existing connection was forcibly closed by the remote host.
	
2021-12-09 13:15:50.013 EET [13036] LOG:  could not receive data from client: An existing connection was forcibly closed by the remote host.
	
2021-12-09 13:15:50.013 EET [10168] LOG:  could not receive data from client: An existing connection was forcibly closed by the remote host.
	
2021-12-09 13:25:29.867 EET [11324] LOG:  received fast shutdown request
2021-12-09 13:25:29.874 EET [11324] LOG:  aborting any active transactions
2021-12-09 13:25:29.874 EET [15784] FATAL:  terminating connection due to administrator command
2021-12-09 13:25:29.892 EET [11324] LOG:  background worker "logical replication launcher" (PID 7752) exited with exit code 1
2021-12-09 13:25:29.892 EET [14060] LOG:  shutting down
2021-12-09 13:25:29.948 EET [11324] LOG:  database system is shut down
